./docs/archive/analysis/egg.1.documentation-analysis.txt
./docs/archive/analysis/egg.1.porty-meta-process-migration.txt
./docs/archive/sessions/SESSION_01.md
./docs/archive/sessions/SESSION_02_URGENT.md
./docs/archive/sessions/SESSION_03.md
./docs/lics/LICENSE_COMMERCIAL.txt
./docs/lics/LICENSE_COMMUNITY.txt
./docs/lics/LICENSE_OVERVIEW.txt
./docs/performance-benchmarking.md
./docs/procs/CONTINUE.md
./docs/procs/DONE.txt
./docs/procs/PROCESS.txt
./docs/procs/QUICK_REF.txt
./docs/procs/ROADMAP.txt
./docs/procs/SPRINT.txt
./docs/procs/TASKS.txt
./docs/query-parameter-routing.md
./docs/README.md
./docs/ref/ARCHITECTURE.md
./docs/ref/CLEANUP_ANALYSIS.md
./docs/ref/DEVELOPMENT_INSIGHTS.md
./docs/ref/DEVELOPMENT_NOTES.md
./docs/ref/LESSONS.md
./examples/README.md
./META_PROCESS.txt
./README.md
./START.txt
